INFO:scholarly:Getting https://scholar.google.com/citations?hl=en&view_op=search_authors&mauthors=Steven%20A%20Cholewiak
INFO:scholarly:Session proxy config is {}
INFO:scholarly:Found 1 authors
INFO:scholarly:Getting https://scholar.google.com/citations?hl=en&user=4bahYMkAAAAJ&pagesize=100
INFO:scholarly:Exception ConnectionError while fetching page: (ReadTimeoutError("HTTPSConnectionPool(host='scholar.google.com', port=443): Read timed out."),)
INFO:scholarly:Retrying with a new session.
INFO:scholarly:Timeout Exception ReadTimeout while fetching page: (ReadTimeoutError("HTTPSConnectionPool(host='scholar.google.com', port=443): Read timed out. (read timeout=5)"),)
INFO:scholarly:Increasing timeout and retrying within same session.
INFO:scholarly:Session proxy config is {}
INFO:scholarly:Getting https://scholar.google.com/citations?hl=en&view_op=view_citation&citation_for_view=4bahYMkAAAAJ:u5HHmVD_uO8C
INFO:scholarly:Timeout Exception ReadTimeout while fetching page: (ReadTimeoutError("HTTPSConnectionPool(host='scholar.google.com', port=443): Read timed out. (read timeout=5)"),)
INFO:scholarly:Increasing timeout and retrying within same session.
INFO:scholarly:Timeout Exception ReadTimeout while fetching page: (ReadTimeoutError("HTTPSConnectionPool(host='scholar.google.com', port=443): Read timed out. (read timeout=10)"),)
INFO:scholarly:Increasing timeout and retrying within same session.
INFO:scholarly:Session proxy config is {}
INFO:scholarly:Getting https://scholar.google.com/scholar?cites=18104797610932568627
INFO:scholarly:Session proxy config is {}
INFO:scholarly:Getting https://scholar.google.com/scholar?start=10&hl=fr&as_sdt=0,5&sciodt=0,5&cites=18104797610932568627&scipsc=
INFO:scholarly:Session proxy config is {}
INFO:scholarly:Getting https://scholar.google.com/scholar?start=20&hl=fr&as_sdt=0,5&sciodt=0,5&cites=18104797610932568627&scipsc=
INFO:scholarly:Session proxy config is {}
INFO:scholarly:Getting https://scholar.google.com/scholar?start=30&hl=fr&as_sdt=0,5&sciodt=0,5&cites=18104797610932568627&scipsc=
INFO:scholarly:Session proxy config is {}
INFO:scholarly:Getting https://scholar.google.com/scholar?start=40&hl=fr&as_sdt=0,5&sciodt=0,5&cites=18104797610932568627&scipsc=
INFO:scholarly:Session proxy config is {}
INFO:scholarly:Getting https://scholar.google.com/scholar?start=50&hl=fr&as_sdt=0,5&sciodt=0,5&cites=18104797610932568627&scipsc=
INFO:scholarly:Session proxy config is {}
INFO:scholarly:Getting https://scholar.google.com/citations?hl=en&view_op=search_authors&mauthors=Steven%20A%20Cholewiak
INFO:scholarly:Timeout Exception ReadTimeout while fetching page: (ReadTimeoutError("HTTPSConnectionPool(host='scholar.google.com', port=443): Read timed out. (read timeout=5)"),)
INFO:scholarly:Increasing timeout and retrying within same session.
INFO:scholarly:Session proxy config is {}
INFO:scholarly:Found 1 authors
INFO:scholarly:Getting https://scholar.google.com/citations?hl=en&user=4bahYMkAAAAJ&pagesize=100
INFO:scholarly:Exception ConnectionError while fetching page: (ReadTimeoutError("HTTPSConnectionPool(host='scholar.google.com', port=443): Read timed out."),)
INFO:scholarly:Retrying with a new session.
INFO:scholarly:Session proxy config is {}
INFO:scholarly:Getting https://scholar.google.com/citations?hl=en&view_op=search_authors&mauthors=Steven%20A%20Cholewiak
INFO:scholarly:Exception ConnectionError while fetching page: (ReadTimeoutError("HTTPSConnectionPool(host='scholar.google.com', port=443): Read timed out."),)
INFO:scholarly:Retrying with a new session.
INFO:scholarly:Session proxy config is {}
INFO:scholarly:Found 1 authors
INFO:scholarly:Getting https://scholar.google.com/citations?hl=en&user=4bahYMkAAAAJ&pagesize=100
INFO:scholarly:Exception ConnectionError while fetching page: (ReadTimeoutError("HTTPSConnectionPool(host='scholar.google.com', port=443): Read timed out."),)
INFO:scholarly:Retrying with a new session.
INFO:scholarly:Getting https://scholar.google.com/citations?hl=en&view_op=search_authors&mauthors=Steven%20A%20Cholewiak
INFO:scholarly:Timeout Exception ReadTimeout while fetching page: (ReadTimeoutError("HTTPSConnectionPool(host='scholar.google.com', port=443): Read timed out. (read timeout=5)"),)
INFO:scholarly:Increasing timeout and retrying within same session.
INFO:scholarly:Session proxy config is {}
INFO:scholarly:Found 1 authors
INFO:scholarly:Getting https://scholar.google.com/citations?hl=en&user=4bahYMkAAAAJ&pagesize=100
INFO:scholarly:Session proxy config is {}
INFO:scholarly:Getting https://scholar.google.com/citations?hl=en&view_op=search_authors&mauthors=Steven%20A%20Cholewiak
INFO:scholarly:Session proxy config is {}
INFO:scholarly:Found 1 authors
INFO:scholarly:Getting https://scholar.google.com/citations?hl=en&user=4bahYMkAAAAJ&pagesize=100
INFO:scholarly:Session proxy config is {}
INFO:scholarly:Getting https://scholar.google.com/citations?hl=en&view_op=search_authors&mauthors=Steven%20A%20Cholewiak
INFO:scholarly:Session proxy config is {}
INFO:scholarly:Found 1 authors
INFO:scholarly:Getting https://scholar.google.com/citations?hl=en&user=4bahYMkAAAAJ&pagesize=100
INFO:scholarly:Session proxy config is {}
INFO:scholarly:Getting https://scholar.google.com/citations?hl=en&view_op=search_authors&mauthors=Steven%20A%20Cholewiak
INFO:scholarly:Session proxy config is {}
INFO:scholarly:Found 1 authors
INFO:scholarly:Getting https://scholar.google.com/citations?hl=en&user=4bahYMkAAAAJ&pagesize=100
INFO:scholarly:Session proxy config is {}
INFO:scholarly:Getting https://scholar.google.com/citations?hl=en&view_op=search_authors&mauthors=Steven%20A%20Cholewiak
INFO:scholarly:Session proxy config is {}
INFO:scholarly:Found 1 authors
INFO:scholarly:Getting https://scholar.google.com/citations?hl=en&user=4bahYMkAAAAJ&pagesize=100
INFO:scholarly:Session proxy config is {}
INFO:scholarly:Getting https://scholar.google.com/citations?hl=en&view_op=view_citation&citation_for_view=4bahYMkAAAAJ:u5HHmVD_uO8C
INFO:scholarly:Session proxy config is {}
INFO:scholarly:Getting https://scholar.google.com/citations?hl=en&view_op=search_authors&mauthors=Steven%20A%20Cholewiak
INFO:scholarly:Session proxy config is {}
INFO:scholarly:Found 1 authors
INFO:scholarly:Getting https://scholar.google.com/citations?hl=en&user=4bahYMkAAAAJ&pagesize=100
INFO:scholarly:Session proxy config is {}
INFO:scholarly:Getting https://scholar.google.com/scholar?hl=en&q=Perception%20of%20physical%20stability%20and%20center%20of%20mass%20of%203D%20objects&as_vis=0&as_sdt=0,33
INFO:scholarly:Session proxy config is {}
INFO:scholarly:Getting https://scholar.google.com/citations?hl=en&view_op=search_authors&mauthors=Steven%20A%20Cholewiak
INFO:scholarly:Session proxy config is {}
INFO:scholarly:Found 1 authors
INFO:scholarly:Getting https://scholar.google.com/citations?hl=en&user=4bahYMkAAAAJ&pagesize=100
INFO:scholarly:Session proxy config is {}
INFO:scholarly:Getting https://scholar.google.com/scholar?hl=en&q=Perception%20of%20physical%20stability%20and%20center%20of%20mass%20of%203D%20objects&as_vis=0&as_sdt=0,33
INFO:scholarly:Session proxy config is {}
INFO:scholarly:Getting https://scholar.google.com/citations?hl=en&view_op=search_authors&mauthors=Steven%20A%20Cholewiak
INFO:scholarly:Session proxy config is {}
INFO:scholarly:Found 1 authors
INFO:scholarly:Getting https://scholar.google.com/citations?hl=en&user=4bahYMkAAAAJ&pagesize=100
INFO:scholarly:Session proxy config is {}
INFO:scholarly:Getting https://scholar.google.com/scholar?hl=en&q=Perception%20of%20physical%20stability%20and%20center%20of%20mass%20of%203D%20objects&as_vis=0&as_sdt=0,33
INFO:scholarly:Session proxy config is {}
INFO:scholarly:Getting https://scholar.google.com/citations?hl=en&view_op=search_authors&mauthors=Steven%20A%20Cholewiak
INFO:scholarly:Session proxy config is {}
INFO:scholarly:Found 1 authors
INFO:scholarly:Getting https://scholar.google.com/citations?hl=en&user=4bahYMkAAAAJ&pagesize=100
INFO:scholarly:Session proxy config is {}
INFO:scholarly:Getting https://scholar.google.com/scholar?hl=en&q=Perception%20of%20physical%20stability%20and%20center%20of%20mass%20of%203D%20objects&as_vis=0&as_sdt=0,33
INFO:scholarly:Session proxy config is {}
INFO:scholarly:Getting https://scholar.google.com/scholar?q=info:K8ZpoI6hZNoJ:scholar.google.com/&output=cite&scirp=0&hl=en
INFO:scholarly:Session proxy config is {}
INFO:scholarly:Getting https://scholar.googleusercontent.com/scholar.bib?q=info:K8ZpoI6hZNoJ:scholar.google.com/&output=citation&scisdr=CgUAU1aQEMSd71EUPYc:AAGBfm0AAAAAX6wRJYdovJzHu01Eg7oI7DrAnZnuBsGS&scisig=AAGBfm0AAAAAX6wRJSEQipnf9e_COxN74fBYHMv02VmF&scisf=4&ct=citation&cd=-1&hl=en
INFO:scholarly:Session proxy config is {}
INFO:scholarly:Getting https://scholar.google.com/citations?hl=en&view_op=search_authors&mauthors=Steven%20A%20Cholewiak
INFO:scholarly:Session proxy config is {}
INFO:scholarly:Found 1 authors
INFO:scholarly:Getting https://scholar.google.com/citations?hl=en&user=4bahYMkAAAAJ&pagesize=100
INFO:scholarly:Session proxy config is {}
INFO:scholarly:Getting https://scholar.google.com/scholar?hl=en&q=Perception%20of%20physical%20stability%20and%20center%20of%20mass%20of%203D%20objects&as_vis=0&as_sdt=0,33
INFO:scholarly:Session proxy config is {}
INFO:scholarly:Getting https://scholar.google.com/scholar?q=info:K8ZpoI6hZNoJ:scholar.google.com/&output=cite&scirp=0&hl=en
INFO:scholarly:Session proxy config is {}
INFO:scholarly:Getting https://scholar.googleusercontent.com/scholar.bib?q=info:K8ZpoI6hZNoJ:scholar.google.com/&output=citation&scisdr=CgUAU1aQENGf71EXKNc:AAGBfm0AAAAAX6wSMNchO42G_BiE5O2VCzQOfK2a574M&scisig=AAGBfm0AAAAAX6wSMPwBiL72KM5u0K6LnxPDGVLn0ASI&scisf=4&ct=citation&cd=-1&hl=en
INFO:scholarly:Session proxy config is {}
INFO:scholarly:Getting https://scholar.google.com/citations?hl=en&view_op=search_authors&mauthors=Steven%20A%20Cholewiak
INFO:scholarly:Session proxy config is {}
INFO:scholarly:Found 1 authors
INFO:scholarly:Getting https://scholar.google.com/citations?hl=en&user=4bahYMkAAAAJ&pagesize=100
INFO:scholarly:Session proxy config is {}
INFO:scholarly:Getting https://scholar.google.com/scholar?hl=en&q=Perception%20of%20physical%20stability%20and%20center%20of%20mass%20of%203D%20objects&as_vis=0&as_sdt=0,33
INFO:scholarly:Session proxy config is {}
INFO:scholarly:Getting https://scholar.google.com/scholar?q=info:K8ZpoI6hZNoJ:scholar.google.com/&output=cite&scirp=0&hl=en
INFO:scholarly:Session proxy config is {}
INFO:scholarly:Getting https://scholar.googleusercontent.com/scholar.bib?q=info:K8ZpoI6hZNoJ:scholar.google.com/&output=citation&scisdr=CgUAU1aQEKSg71EXnHA:AAGBfm0AAAAAX6wShHBYl7id--9wDBIJEN_8TVRz6zfS&scisig=AAGBfm0AAAAAX6wShMHcmakpzETAJ7UfgSd91lgSp4Uf&scisf=4&ct=citation&cd=-1&hl=en
INFO:scholarly:Session proxy config is {}
INFO:scholarly:Getting https://scholar.google.com/citations?hl=en&view_op=search_authors&mauthors=Steven%20A%20Cholewiak
INFO:scholarly:Session proxy config is {}
INFO:scholarly:Found 1 authors
INFO:scholarly:Getting https://scholar.google.com/citations?hl=en&user=4bahYMkAAAAJ&pagesize=100
INFO:scholarly:Session proxy config is {}
INFO:scholarly:Getting https://scholar.google.com/scholar?hl=en&q=Perception%20of%20physical%20stability%20and%20center%20of%20mass%20of%203D%20objects&as_vis=0&as_sdt=0,33
INFO:scholarly:Session proxy config is {}
INFO:scholarly:Getting https://scholar.google.com/scholar?q=info:K8ZpoI6hZNoJ:scholar.google.com/&output=cite&scirp=0&hl=en
INFO:scholarly:Session proxy config is {}
INFO:scholarly:Getting https://scholar.googleusercontent.com/scholar.bib?q=info:K8ZpoI6hZNoJ:scholar.google.com/&output=citation&scisdr=CgUAU1aQEN6k71ERpik:AAGBfm0AAAAAX6wUvikJdv1EeMTQqkLW-GvECedykmb1&scisig=AAGBfm0AAAAAX6wUvqiY7gj-DW3JZ-0ZogmXlyUu6k8Z&scisf=4&ct=citation&cd=-1&hl=en
INFO:scholarly:Timeout Exception ReadTimeout while fetching page: (ReadTimeoutError("HTTPSConnectionPool(host='scholar.googleusercontent.com', port=443): Read timed out. (read timeout=5)"),)
INFO:scholarly:Increasing timeout and retrying within same session.
INFO:scholarly:Session proxy config is {}
INFO:scholarly:Getting https://scholar.google.com/citations?hl=en&view_op=search_authors&mauthors=Steven%20A%20Cholewiak
INFO:scholarly:Session proxy config is {}
INFO:scholarly:Found 1 authors
INFO:scholarly:Getting https://scholar.google.com/citations?hl=en&user=4bahYMkAAAAJ&pagesize=100
INFO:scholarly:Session proxy config is {}
INFO:scholarly:Getting https://scholar.google.com/scholar?hl=en&q=Perception%20of%20physical%20stability%20and%20center%20of%20mass%20of%203D%20objects&as_vis=0&as_sdt=0,33
INFO:scholarly:Session proxy config is {}
INFO:scholarly:Getting https://scholar.google.com/scholar?q=info:K8ZpoI6hZNoJ:scholar.google.com/&output=cite&scirp=0&hl=en
INFO:scholarly:Session proxy config is {}
INFO:scholarly:Getting https://scholar.googleusercontent.com/scholar.bib?q=info:K8ZpoI6hZNoJ:scholar.google.com/&output=citation&scisdr=CgUAU1aQELKn71ETCGc:AAGBfm0AAAAAX6wWEGci0-OnEcm0z13vOAL35rxulbNE&scisig=AAGBfm0AAAAAX6wWELofkvI5uLiBieL4WHzeXlCm5zaU&scisf=4&ct=citation&cd=-1&hl=en
INFO:scholarly:Session proxy config is {}
INFO:scholarly:Got an access denied error (403).
INFO:scholarly:No other connections possible.
INFO:scholarly:Retrying immediately with another session.
INFO:scholarly:Session proxy config is {}
INFO:scholarly:Got an access denied error (403).
INFO:scholarly:No other connections possible.
INFO:scholarly:Will retry after 93.06480524608963 seconds (with another session).
INFO:scholarly:Session proxy config is {}
INFO:scholarly:Got an access denied error (403).
INFO:scholarly:No other connections possible.
INFO:scholarly:Will retry after 87.5318266660701 seconds (with another session).
INFO:scholarly:Getting https://scholar.google.com/citations?hl=en&view_op=search_authors&mauthors=Steven%20A%20Cholewiak
INFO:scholarly:Session proxy config is {}
INFO:scholarly:Found 1 authors
INFO:scholarly:Getting https://scholar.google.com/citations?hl=en&user=4bahYMkAAAAJ&pagesize=100
INFO:scholarly:Session proxy config is {}
INFO:scholarly:Getting https://scholar.google.com/scholar?hl=en&q=Perception%20of%20physical%20stability%20and%20center%20of%20mass%20of%203D%20objects&as_vis=0&as_sdt=0,33
INFO:scholarly:Session proxy config is {}
INFO:scholarly:Getting https://scholar.google.com/scholar?q=info:K8ZpoI6hZNoJ:scholar.google.com/&output=cite&scirp=0&hl=en
INFO:scholarly:Session proxy config is {}
INFO:scholarly:Getting https://scholar.googleusercontent.com/scholar.bib?q=info:K8ZpoI6hZNoJ:scholar.google.com/&output=citation&scisdr=CgUAU1aQEL-571EaBc8:AAGBfm0AAAAAX6wfHc-yaSjVlk5af4x4lfSkUdwlwO4S&scisig=AAGBfm0AAAAAX6wfHey2YA-hm-xjPph8e41k3WldmGVU&scisf=4&ct=citation&cd=-1&hl=en
INFO:scholarly:Session proxy config is {}
INFO:scholarly:Got an access denied error (403).
INFO:scholarly:No other connections possible.
INFO:scholarly:Retrying immediately with another session.
INFO:scholarly:Session proxy config is {}
INFO:scholarly:Got an access denied error (403).
INFO:scholarly:No other connections possible.
INFO:scholarly:Will retry after 93.30135553203836 seconds (with another session).
INFO:scholarly:Session proxy config is {}
INFO:scholarly:Got an access denied error (403).
INFO:scholarly:No other connections possible.
INFO:scholarly:Will retry after 62.029095470100145 seconds (with another session).
INFO:scholarly:Session proxy config is {}
INFO:scholarly:Got an access denied error (403).
INFO:scholarly:No other connections possible.
INFO:scholarly:Will retry after 83.57058436210588 seconds (with another session).
INFO:scholarly:Session proxy config is {}
INFO:scholarly:Got an access denied error (403).
INFO:scholarly:No other connections possible.
INFO:scholarly:Will retry after 69.8299886432059 seconds (with another session).
INFO:scholarly:Session proxy config is {}
INFO:scholarly:Got an access denied error (403).
INFO:scholarly:No other connections possible.
INFO:scholarly:Will retry after 113.12819992434909 seconds (with another session).
INFO:scholarly:Getting https://scholar.google.com/citations?hl=en&view_op=search_authors&mauthors=Steven%20A%20Cholewiak
INFO:scholarly:Session proxy config is {}
INFO:scholarly:Found 1 authors
INFO:scholarly:Getting https://scholar.google.com/citations?hl=en&user=4bahYMkAAAAJ&pagesize=100
INFO:scholarly:Session proxy config is {}
INFO:scholarly:Getting https://scholar.google.com/scholar?hl=en&q=Perception%20of%20physical%20stability%20and%20center%20of%20mass%20of%203D%20objects&as_vis=0&as_sdt=0,33
INFO:scholarly:Session proxy config is {}
INFO:scholarly:Getting https://scholar.google.com/scholar?q=info:K8ZpoI6hZNoJ:scholar.google.com/&output=cite&scirp=0&hl=en
INFO:scholarly:Session proxy config is {}
INFO:scholarly:Getting https://scholar.googleusercontent.com/scholar.bib?q=info:K8ZpoI6hZNoJ:scholar.google.com/&output=citation&scisdr=CgUAU1aQELq871Elgf4:AAGBfm0AAAAAX6wgmf5_b4FsgTu7nMebsBq_RMp9MOd5&scisig=AAGBfm0AAAAAX6wgmdKazUJMtA0OlflEPGtY0jfI04V0&scisf=4&ct=citation&cd=-1&hl=en
INFO:scholarly:Session proxy config is {}
INFO:scholarly:Got an access denied error (403).
INFO:scholarly:No other connections possible.
INFO:scholarly:Retrying immediately with another session.
INFO:scholarly:Session proxy config is {}
INFO:scholarly:Got an access denied error (403).
INFO:scholarly:No other connections possible.
INFO:scholarly:Will retry after 73.4597078518799 seconds (with another session).
INFO:scholarly:Session proxy config is {}
INFO:scholarly:Got an access denied error (403).
INFO:scholarly:No other connections possible.
INFO:scholarly:Will retry after 86.8022477884779 seconds (with another session).
INFO:scholarly:Session proxy config is {}
INFO:scholarly:Got an access denied error (403).
INFO:scholarly:No other connections possible.
INFO:scholarly:Will retry after 115.15758645578046 seconds (with another session).
INFO:scholarly:Session proxy config is {}
INFO:scholarly:Got an access denied error (403).
INFO:scholarly:No other connections possible.
INFO:scholarly:Will retry after 83.79934471717166 seconds (with another session).
INFO:scholarly:Session proxy config is {}
INFO:scholarly:Got an access denied error (403).
INFO:scholarly:No other connections possible.
INFO:scholarly:Will retry after 82.20019421988005 seconds (with another session).
INFO:scholarly:Session proxy config is {}
INFO:scholarly:Got an access denied error (403).
INFO:scholarly:No other connections possible.
INFO:scholarly:Will retry after 100.29935259785462 seconds (with another session).
INFO:scholarly:Session proxy config is {}
INFO:scholarly:Got an access denied error (403).
INFO:scholarly:No other connections possible.
INFO:scholarly:Will retry after 79.71118002132263 seconds (with another session).
INFO:scholarly:Session proxy config is {}
INFO:scholarly:Got an access denied error (403).
INFO:scholarly:No other connections possible.
INFO:scholarly:Will retry after 110.06586373781082 seconds (with another session).
INFO:scholarly:Session proxy config is {}
INFO:scholarly:Got an access denied error (403).
INFO:scholarly:No other connections possible.
INFO:scholarly:Will retry after 116.59371036820727 seconds (with another session).
INFO:scholarly:Session proxy config is {}
INFO:scholarly:Got an access denied error (403).
INFO:scholarly:No other connections possible.
INFO:scholarly:Will retry after 63.35733232376767 seconds (with another session).
INFO:scholarly:Session proxy config is {}
INFO:scholarly:Got an access denied error (403).
INFO:scholarly:No other connections possible.
INFO:scholarly:Will retry after 99.81438065834492 seconds (with another session).
INFO:scholarly:Timeout Exception ReadTimeout while fetching page: (ReadTimeoutError("HTTPSConnectionPool(host='scholar.googleusercontent.com', port=443): Read timed out. (read timeout=5)"),)
INFO:scholarly:Increasing timeout and retrying within same session.
INFO:scholarly:Timeout Exception ReadTimeout while fetching page: (ReadTimeoutError("HTTPSConnectionPool(host='scholar.googleusercontent.com', port=443): Read timed out. (read timeout=10)"),)
INFO:scholarly:Increasing timeout and retrying within same session.
INFO:scholarly:Session proxy config is {}
INFO:scholarly:Got an access denied error (403).
INFO:scholarly:No other connections possible.
INFO:scholarly:Will retry after 62.94889051274755 seconds (with another session).
INFO:scholarly:Session proxy config is {}
INFO:scholarly:Got an access denied error (403).
INFO:scholarly:No other connections possible.
INFO:scholarly:Will retry after 116.56158242839795 seconds (with another session).
INFO:scholarly:Session proxy config is {}
INFO:scholarly:Got an access denied error (403).
INFO:scholarly:No other connections possible.
INFO:scholarly:Will retry after 111.82176677436448 seconds (with another session).
INFO:scholarly:Session proxy config is {}
INFO:scholarly:Got an access denied error (403).
INFO:scholarly:No other connections possible.
INFO:scholarly:Will retry after 118.13863244500354 seconds (with another session).
INFO:scholarly:Session proxy config is {}
INFO:scholarly:Got an access denied error (403).
INFO:scholarly:No other connections possible.
INFO:scholarly:Will retry after 117.86070844109955 seconds (with another session).
INFO:scholarly:Session proxy config is {}
INFO:scholarly:Got an access denied error (403).
INFO:scholarly:No other connections possible.
INFO:scholarly:Will retry after 60.29174905452556 seconds (with another session).
INFO:scholarly:Session proxy config is {}
INFO:scholarly:Got an access denied error (403).
INFO:scholarly:No other connections possible.
INFO:scholarly:Will retry after 109.3902297459963 seconds (with another session).
INFO:scholarly:Session proxy config is {}
INFO:scholarly:Got an access denied error (403).
INFO:scholarly:No other connections possible.
INFO:scholarly:Will retry after 77.74111988265597 seconds (with another session).
INFO:scholarly:Getting https://scholar.google.com/citations?hl=en&view_op=search_authors&mauthors=Steven%20A%20Cholewiak
INFO:scholarly:Timeout Exception ReadTimeout while fetching page: (ReadTimeoutError("HTTPSConnectionPool(host='scholar.google.com', port=443): Read timed out. (read timeout=5)"),)
INFO:scholarly:Increasing timeout and retrying within same session.
INFO:scholarly:Session proxy config is {}
INFO:scholarly:Found 1 authors
INFO:scholarly:Getting https://scholar.google.com/citations?hl=en&user=4bahYMkAAAAJ&pagesize=100
INFO:scholarly:Session proxy config is {}
INFO:scholarly:Getting https://scholar.google.com/scholar?hl=en&q=Perception%20of%20physical%20stability%20and%20center%20of%20mass%20of%203D%20objects&as_vis=0&as_sdt=0,33
INFO:scholarly:Session proxy config is {}
INFO:scholarly:Getting https://scholar.google.com/scholar?q=info:K8ZpoI6hZNoJ:scholar.google.com/&output=cite&scirp=0&hl=en
INFO:scholarly:Exception ConnectionError while fetching page: (ReadTimeoutError("HTTPSConnectionPool(host='scholar.google.com', port=443): Read timed out."),)
INFO:scholarly:Retrying with a new session.
INFO:scholarly:Timeout Exception ReadTimeout while fetching page: (ReadTimeoutError("HTTPSConnectionPool(host='scholar.google.com', port=443): Read timed out. (read timeout=5)"),)
INFO:scholarly:Increasing timeout and retrying within same session.
INFO:scholarly:Session proxy config is {}
INFO:scholarly:Getting https://scholar.googleusercontent.com/scholar.bib?q=info:K8ZpoI6hZNoJ:scholar.google.com/&output=citation&scisdr=CgUbB3G6GAA:AAGBfm0AAAAAX6xI95gHMc3QdpxOMxA8mqw05j3SR73_&scisig=AAGBfm0AAAAAX6xI93E-J_7xcAKuZm7cpn7j2cemZipC&scisf=4&ct=citation&cd=-1&hl=en
INFO:scholarly:Timeout Exception ReadTimeout while fetching page: (ReadTimeoutError("HTTPSConnectionPool(host='scholar.googleusercontent.com', port=443): Read timed out. (read timeout=5)"),)
INFO:scholarly:Increasing timeout and retrying within same session.
INFO:scholarly:Exception ConnectionError while fetching page: (ReadTimeoutError("HTTPSConnectionPool(host='scholar.googleusercontent.com', port=443): Read timed out."),)
INFO:scholarly:Retrying with a new session.
INFO:scholarly:Timeout Exception ReadTimeout while fetching page: (ReadTimeoutError("HTTPSConnectionPool(host='scholar.googleusercontent.com', port=443): Read timed out. (read timeout=10)"),)
INFO:scholarly:Increasing timeout and retrying within same session.
INFO:scholarly:Session proxy config is {}
INFO:scholarly:Got an access denied error (403).
INFO:scholarly:No other connections possible.
INFO:scholarly:Retrying immediately with another session.
INFO:scholarly:Session proxy config is {}
INFO:scholarly:Got an access denied error (403).
INFO:scholarly:No other connections possible.
INFO:scholarly:Will retry after 94.60798247394338 seconds (with another session).
INFO:scholarly:Session proxy config is {}
INFO:scholarly:Got an access denied error (403).
INFO:scholarly:No other connections possible.
INFO:scholarly:Will retry after 110.42410863477424 seconds (with another session).
INFO:scholarly:Timeout Exception ReadTimeout while fetching page: (ReadTimeoutError("HTTPSConnectionPool(host='scholar.googleusercontent.com', port=443): Read timed out. (read timeout=15)"),)
INFO:scholarly:Giving up this session.
INFO:scholarly:Timeout Exception ReadTimeout while fetching page: (ReadTimeoutError("HTTPSConnectionPool(host='scholar.googleusercontent.com', port=443): Read timed out. (read timeout=15)"),)
INFO:scholarly:Giving up this session.
INFO:scholarly:Timeout Exception ReadTimeout while fetching page: (ReadTimeoutError("HTTPSConnectionPool(host='scholar.googleusercontent.com', port=443): Read timed out. (read timeout=15)"),)
INFO:scholarly:Giving up this session.
INFO:scholarly:Timeout Exception ReadTimeout while fetching page: (ReadTimeoutError("HTTPSConnectionPool(host='scholar.googleusercontent.com', port=443): Read timed out. (read timeout=15)"),)
INFO:scholarly:Giving up this session.
INFO:scholarly:Getting https://scholar.google.com/citations?hl=en&view_op=search_authors&mauthors=Steven%20A%20Cholewiak
INFO:scholarly:Exception ConnectionError while fetching page: (ReadTimeoutError("HTTPSConnectionPool(host='scholar.google.com', port=443): Read timed out."),)
INFO:scholarly:Retrying with a new session.
INFO:scholarly:Timeout Exception ReadTimeout while fetching page: (ReadTimeoutError("HTTPSConnectionPool(host='scholar.google.com', port=443): Read timed out. (read timeout=5)"),)
INFO:scholarly:Increasing timeout and retrying within same session.
INFO:scholarly:Session proxy config is {}
INFO:scholarly:Found 1 authors
INFO:scholarly:Getting https://scholar.google.com/citations?hl=en&user=4bahYMkAAAAJ&pagesize=100
INFO:scholarly:Session proxy config is {}
INFO:scholarly:Getting https://scholar.google.com/scholar?hl=en&q=Perception%20of%20physical%20stability%20and%20center%20of%20mass%20of%203D%20objects&as_vis=0&as_sdt=0,33
INFO:scholarly:Session proxy config is {}
INFO:scholarly:Got a captcha request.
INFO:scholarly:Exception WebDriverException while fetching page: ("'geckodriver' executable needs to be in PATH. ",)
INFO:scholarly:Retrying with a new session.
INFO:scholarly:Timeout Exception ReadTimeout while fetching page: (ReadTimeoutError("HTTPSConnectionPool(host='scholar.google.com', port=443): Read timed out. (read timeout=5)"),)
INFO:scholarly:Increasing timeout and retrying within same session.
INFO:scholarly:Session proxy config is {}
INFO:scholarly:Got a captcha request.
INFO:scholarly:Exception WebDriverException while fetching page: ("'geckodriver' executable needs to be in PATH. ",)
INFO:scholarly:Retrying with a new session.
INFO:scholarly:Session proxy config is {}
INFO:scholarly:Got a captcha request.
INFO:scholarly:Exception WebDriverException while fetching page: ("'geckodriver' executable needs to be in PATH. ",)
INFO:scholarly:Retrying with a new session.
INFO:scholarly:Session proxy config is {}
INFO:scholarly:Got a captcha request.
INFO:scholarly:Exception WebDriverException while fetching page: ("'geckodriver' executable needs to be in PATH. ",)
INFO:scholarly:Retrying with a new session.
INFO:scholarly:Session proxy config is {}
INFO:scholarly:Got a captcha request.
INFO:scholarly:Exception WebDriverException while fetching page: ("'geckodriver' executable needs to be in PATH. ",)
INFO:scholarly:Retrying with a new session.
INFO:scholarly:Getting https://scholar.google.com/citations?hl=en&view_op=search_authors&mauthors=Steven%20A%20Cholewiak
INFO:scholarly:Session proxy config is {}
INFO:scholarly:Found 1 authors
INFO:scholarly:Getting https://scholar.google.com/citations?hl=en&user=4bahYMkAAAAJ&pagesize=100
INFO:scholarly:Session proxy config is {}
INFO:scholarly:Getting https://scholar.google.com/scholar?hl=en&q=Perception%20of%20physical%20stability%20and%20center%20of%20mass%20of%203D%20objects&as_vis=0&as_sdt=0,33
INFO:scholarly:Session proxy config is {}
INFO:scholarly:Getting https://scholar.google.com/scholar?q=info:K8ZpoI6hZNoJ:scholar.google.com/&output=cite&scirp=0&hl=en
INFO:scholarly:Session proxy config is {}
INFO:scholarly:Getting https://scholar.googleusercontent.com/scholar.bib?q=info:K8ZpoI6hZNoJ:scholar.google.com/&output=citation&scisdr=CgUAUyD6EPey7lFewew:AAGBfm0AAAAAX6xb2ewySWD1iYk962Qg02OsIDwQ0s46&scisig=AAGBfm0AAAAAX6xb2TEC9s4whwYxonegaaLH4i7RF_31&scisf=4&ct=citation&cd=-1&hl=en
INFO:scholarly:Session proxy config is {}
INFO:scholarly:Getting https://scholar.google.com/citations?hl=en&view_op=search_authors&mauthors=Steven%20A%20Cholewiak
INFO:scholarly:Session proxy config is {}
INFO:scholarly:Found 1 authors
INFO:scholarly:Getting https://scholar.google.com/citations?hl=en&user=4bahYMkAAAAJ&pagesize=100
INFO:scholarly:Session proxy config is {}
INFO:scholarly:Getting https://scholar.google.com/scholar?hl=en&q=Perception%20of%20physical%20stability%20and%20center%20of%20mass%20of%203D%20objects&as_vis=0&as_sdt=0,33
INFO:scholarly:Session proxy config is {}
INFO:scholarly:Getting https://scholar.google.com/scholar?q=info:K8ZpoI6hZNoJ:scholar.google.com/&output=cite&scirp=0&hl=en
INFO:scholarly:Session proxy config is {}
INFO:scholarly:Getting https://scholar.googleusercontent.com/scholar.bib?q=info:K8ZpoI6hZNoJ:scholar.google.com/&output=citation&scisdr=CgUAUzsuEL-z61AZBuo:AAGBfm0AAAAAX60cHuqvfNBi07GT8az8s480W0Ht0jm7&scisig=AAGBfm0AAAAAX60cHrFCubpo-oARwtBOAG0rIElk71Kx&scisf=4&ct=citation&cd=-1&hl=en
INFO:scholarly:Session proxy config is {}
INFO:scholarly:Getting https://scholar.google.com/citations?hl=en&view_op=search_authors&mauthors=Steven%20A%20Cholewiak
INFO:scholarly:Session proxy config is {}
INFO:scholarly:Found 1 authors
INFO:scholarly:Getting https://scholar.google.com/citations?hl=en&user=4bahYMkAAAAJ&pagesize=100
INFO:scholarly:Session proxy config is {}
INFO:scholarly:Getting https://scholar.google.com/scholar?hl=en&q=Perception%20of%20physical%20stability%20and%20center%20of%20mass%20of%203D%20objects&as_vis=0&as_sdt=0,33
INFO:scholarly:Session proxy config is {}
INFO:scholarly:Getting https://scholar.google.com/scholar?q=info:K8ZpoI6hZNoJ:scholar.google.com/&output=cite&scirp=0&hl=en
INFO:scholarly:Session proxy config is {}
INFO:scholarly:Getting https://scholar.googleusercontent.com/scholar.bib?q=info:K8ZpoI6hZNoJ:scholar.google.com/&output=citation&scisdr=CgUAUzsuELq061AZj6E:AAGBfm0AAAAAX60cl6HYmTRhJwdbZVwDUU8aa_SKLeLq&scisig=AAGBfm0AAAAAX60clxjI7TvrYRQEzBwXoZqIpXtZMcP8&scisf=4&ct=citation&cd=-1&hl=en
INFO:scholarly:Session proxy config is {}
INFO:scholarly:Getting https://scholar.google.com/citations?hl=en&view_op=search_authors&mauthors=Steven%20A%20Cholewiak
INFO:scholarly:Session proxy config is {}
INFO:scholarly:Found 1 authors
INFO:scholarly:Getting https://scholar.google.com/citations?hl=en&user=4bahYMkAAAAJ&pagesize=100
INFO:scholarly:Session proxy config is {}
INFO:scholarly:Getting https://scholar.google.com/scholar?hl=en&q=Perception%20of%20physical%20stability%20and%20center%20of%20mass%20of%203D%20objects&as_vis=0&as_sdt=0,33
INFO:scholarly:Session proxy config is {}
INFO:scholarly:Getting https://scholar.google.com/scholar?q=info:K8ZpoI6hZNoJ:scholar.google.com/&output=cite&scirp=0&hl=en
INFO:scholarly:Session proxy config is {}
INFO:scholarly:Getting https://scholar.googleusercontent.com/scholar.bib?q=info:K8ZpoI6hZNoJ:scholar.google.com/&output=citation&scisdr=CgUAUzsuEIvA61AncYc:AAGBfm0AAAAAX60iaYe54qyQ46BTPQdrCmJ2Q97nzAFG&scisig=AAGBfm0AAAAAX60iaTk0DPxATrtv9X1S1WgnsBYLjuBN&scisf=4&ct=citation&cd=-1&hl=en
INFO:scholarly:Session proxy config is {}
INFO:scholarly:Getting https://scholar.google.com/citations?hl=en&view_op=search_authors&mauthors=Steven%20A%20Cholewiak
INFO:scholarly:Session proxy config is {}
INFO:scholarly:Found 1 authors
INFO:scholarly:Getting https://scholar.google.com/citations?hl=en&user=4bahYMkAAAAJ&pagesize=100
INFO:scholarly:Session proxy config is {}
INFO:scholarly:Getting https://scholar.google.com/scholar?hl=en&q=Perception%20of%20physical%20stability%20and%20center%20of%20mass%20of%203D%20objects&as_vis=0&as_sdt=0,33
INFO:scholarly:Session proxy config is {}
INFO:scholarly:Getting https://scholar.google.com/scholar?q=info:K8ZpoI6hZNoJ:scholar.google.com/&output=cite&scirp=0&hl=en
INFO:scholarly:Session proxy config is {}
INFO:scholarly:Getting https://scholar.googleusercontent.com/scholar.bib?q=info:K8ZpoI6hZNoJ:scholar.google.com/&output=citation&scisdr=CgUAUzsuEOnA61An3rc:AAGBfm0AAAAAX60ixrdhsR93dlzPnA0DM6nOggtD4lXt&scisig=AAGBfm0AAAAAX60ixg_TyQuk8NRrj_OsalUWEjFddVPy&scisf=4&ct=citation&cd=-1&hl=en
INFO:scholarly:Session proxy config is {}
INFO:scholarly:Getting https://scholar.google.com/citations?hl=en&view_op=search_authors&mauthors=Steven%20A%20Cholewiak
INFO:scholarly:Session proxy config is {}
INFO:scholarly:Found 1 authors
INFO:scholarly:Getting https://scholar.google.com/citations?hl=en&user=4bahYMkAAAAJ&pagesize=100
INFO:scholarly:Session proxy config is {}
INFO:scholarly:Getting https://scholar.google.com/scholar?hl=en&q=Perception%20of%20physical%20stability%20and%20center%20of%20mass%20of%203D%20objects&as_vis=0&as_sdt=0,33
INFO:scholarly:Session proxy config is {}
INFO:scholarly:Getting https://scholar.google.com/scholar?q=info:K8ZpoI6hZNoJ:scholar.google.com/&output=cite&scirp=0&hl=en
INFO:scholarly:Session proxy config is {}
INFO:scholarly:Getting https://scholar.googleusercontent.com/scholar.bib?q=info:K8ZpoI6hZNoJ:scholar.google.com/&output=citation&scisdr=CgUAUzsuEKnC61Amkj4:AAGBfm0AAAAAX60jij64H6EiiSECFweCv0fCy3_rUxoT&scisig=AAGBfm0AAAAAX60jikMhIJcbEj8UgqGMIKE8hm0DamRr&scisf=4&ct=citation&cd=-1&hl=en
INFO:scholarly:Session proxy config is {}
INFO:scholarly:Got an access denied error (403).
INFO:scholarly:No other connections possible.
INFO:scholarly:Retrying immediately with another session.
INFO:scholarly:Session proxy config is {}
INFO:scholarly:Got an access denied error (403).
INFO:scholarly:No other connections possible.
INFO:scholarly:Will retry after 84.62983934325672 seconds (with another session).
INFO:scholarly:Session proxy config is {}
INFO:scholarly:Got an access denied error (403).
INFO:scholarly:No other connections possible.
INFO:scholarly:Will retry after 85.47461647639281 seconds (with another session).
INFO:scholarly:Getting https://scholar.google.com/citations?hl=en&view_op=search_authors&mauthors=Steven%20A%20Cholewiak
INFO:scholarly:Session proxy config is {}
INFO:scholarly:Found 1 authors
INFO:scholarly:Getting https://scholar.google.com/citations?hl=en&user=4bahYMkAAAAJ&pagesize=100
INFO:scholarly:Session proxy config is {}
INFO:scholarly:Getting https://scholar.google.com/scholar?hl=en&q=Perception%20of%20physical%20stability%20and%20center%20of%20mass%20of%203D%20objects&as_vis=0&as_sdt=0,33
INFO:scholarly:Getting https://scholar.google.com/citations?hl=en&view_op=search_authors&mauthors=Steven%20A%20Cholewiak
INFO:scholarly:Session proxy config is {}
INFO:scholarly:Found 1 authors
INFO:scholarly:Getting https://scholar.google.com/citations?hl=en&user=4bahYMkAAAAJ&pagesize=100
INFO:scholarly:Session proxy config is {}
INFO:scholarly:Getting https://scholar.google.com/scholar?hl=en&q=Perception%20of%20physical%20stability%20and%20center%20of%20mass%20of%203D%20objects&as_vis=0&as_sdt=0,33
INFO:scholarly:Session proxy config is {}
INFO:scholarly:Getting https://scholar.google.com/scholar?q=info:K8ZpoI6hZNoJ:scholar.google.com/&output=cite&scirp=0&hl=en
INFO:scholarly:Session proxy config is {}
INFO:scholarly:Getting https://scholar.googleusercontent.com/scholar.bib?q=info:K8ZpoI6hZNoJ:scholar.google.com/&output=citation&scisdr=CgUAUzsuELzE61AhhUw:AAGBfm0AAAAAX60knUz-kqQBvL-yI2Z_LmnwmFvLETIa&scisig=AAGBfm0AAAAAX60kndY4GimEbt67RpshBF0kW9s2sxCP&scisf=4&ct=citation&cd=-1&hl=en
INFO:scholarly:Session proxy config is {}
INFO:scholarly:Got an access denied error (403).
INFO:scholarly:No other connections possible.
INFO:scholarly:Retrying immediately with another session.
INFO:scholarly:Session proxy config is {}
INFO:scholarly:Got an access denied error (403).
INFO:scholarly:No other connections possible.
INFO:scholarly:Will retry after 80.87787019340685 seconds (with another session).
